{
  "RSpec": {
    "coverage": {
      "/Users/daisy_madonna808/GA/project3/pubcrawl/spec/models/user_spec.rb": [
        null,
        null,
        null,
        null,
        null,
        null,
        null,
        null,
        null,
        null,
        null,
        null,
        null,
        null,
        null,
        null,
        null,
        1,
        null,
        1,
        1,
        1,
        0,
        null,
        null,
        null,
        null,
        null,
        null,
        null,
        null,
        null,
        null,
        null,
        null,
        null,
        null,
        null,
        null,
        null,
        null,
        null,
        null,
        null,
        null,
        null,
        null,
        null,
        null,
        null,
        null,
        null,
        null,
        null,
        null,
        null,
        null
      ],
      "/Users/daisy_madonna808/GA/project3/pubcrawl/spec/rails_helper.rb": [
        null,
        1,
        1,
        1,
        1,
        null,
        null,
        null,
        null,
        null,
        null,
        null,
        null,
        1,
        null,
        null,
        null,
        1,
        null,
        1,
        null,
        1,
        null,
        null,
        null,
        null,
        1,
        null,
        null,
        null,
        null,
        null,
        null,
        null,
        null,
        null,
        null,
        null,
        null,
        null,
        null,
        1,
        null
      ],
      "/Users/daisy_madonna808/GA/project3/pubcrawl/config/environment.rb": [
        null,
        1,
        null,
        null,
        1
      ],
      "/Users/daisy_madonna808/GA/project3/pubcrawl/config/application.rb": [
        1,
        null,
        null,
        1,
        1,
        1,
        1,
        1,
        1,
        null,
        null,
        null,
        null,
        1,
        null,
        1,
        1,
        null,
        null,
        null,
        null,
        null,
        null,
        null,
        null,
        null,
        null,
        null,
        null,
        null
      ],
      "/Users/daisy_madonna808/GA/project3/pubcrawl/config/boot.rb": [
        null,
        1,
        null,
        1
      ],
      "/Users/daisy_madonna808/GA/project3/pubcrawl/config/environments/test.rb": [
        1,
        null,
        null,
        null,
        null,
        null,
        null,
        1,
        null,
        null,
        null,
        null,
        1,
        null,
        null,
        1,
        1,
        null,
        null,
        1,
        1,
        null,
        null,
        1,
        null,
        null,
        1,
        null,
        null,
        null,
        null,
        1,
        null,
        null,
        1,
        null,
        null,
        null,
        null
      ],
      "/Users/daisy_madonna808/GA/project3/pubcrawl/config/initializers/assets.rb": [
        null,
        null,
        null,
        1,
        null,
        null,
        null,
        null
      ],
      "/Users/daisy_madonna808/GA/project3/pubcrawl/config/initializers/backtrace_silencers.rb": [
        null,
        null,
        null,
        null,
        null,
        null,
        null
      ],
      "/Users/daisy_madonna808/GA/project3/pubcrawl/config/initializers/cookies_serializer.rb": [
        null,
        null,
        1
      ],
      "/Users/daisy_madonna808/GA/project3/pubcrawl/config/initializers/filter_parameter_logging.rb": [
        null,
        null,
        null,
        1
      ],
      "/Users/daisy_madonna808/GA/project3/pubcrawl/config/initializers/inflections.rb": [
        null,
        null,
        null,
        null,
        null,
        null,
        null,
        null,
        null,
        null,
        null,
        null,
        null,
        null,
        null,
        null
      ],
      "/Users/daisy_madonna808/GA/project3/pubcrawl/config/initializers/mime_types.rb": [
        null,
        null,
        null,
        null
      ],
      "/Users/daisy_madonna808/GA/project3/pubcrawl/config/initializers/session_store.rb": [
        null,
        null,
        1
      ],
      "/Users/daisy_madonna808/GA/project3/pubcrawl/config/initializers/wrap_parameters.rb": [
        null,
        null,
        null,
        null,
        null,
        null,
        1,
        1,
        null,
        null,
        null,
        null,
        null,
        null
      ],
      "/Users/daisy_madonna808/GA/project3/pubcrawl/config/routes.rb": [
        1,
        null,
        1,
        1,
        null,
        null
      ],
      "/Users/daisy_madonna808/GA/project3/pubcrawl/app/helpers/application_helper.rb": [
        1,
        1,
        0,
        0,
        0,
        null,
        null,
        0,
        0,
        0,
        0,
        null,
        0,
        0,
        null,
        null,
        0,
        null,
        null,
        1,
        null,
        0,
        null,
        0,
        null,
        0,
        0,
        0,
        null,
        null,
        0,
        null,
        null,
        null
      ],
      "/Users/daisy_madonna808/GA/project3/pubcrawl/app/models/user.rb": [
        null,
        null,
        null,
        null,
        null,
        null,
        null,
        null,
        null,
        null,
        null,
        null,
        null,
        null,
        null,
        null,
        null,
        1,
        1,
        1,
        1,
        1,
        null
      ]
    },
    "timestamp": 1408318088
  }
}
